<?xml version="1.0" encoding="UTF-8"?>
<testng-results ignored="0" total="5" passed="4" failed="1" skipped="0">
  <reporter-output>
  </reporter-output>
  <suite started-at="2024-04-18T09:02:44 IST" name="Default suite" finished-at="2024-04-18T09:04:59 IST" duration-ms="135471">
    <groups>
      <group name="cucumber">
        <method signature="AbstractTestNGCucumberTests.runScenario(io.cucumber.testng.PickleWrapper,io.cucumber.testng.FeatureWrapper)[pri:0, instance:TestRunner.Runner@48e1f6c7]" name="runScenario" class="io.cucumber.testng.AbstractTestNGCucumberTests"/>
      </group> <!-- cucumber -->
    </groups>
    <test started-at="2024-04-18T09:02:44 IST" name="Default test" finished-at="2024-04-18T09:04:59 IST" duration-ms="135471">
      <class name="TestRunner.Runner">
        <test-method is-config="true" signature="setUpClass(org.testng.ITestContext)[pri:0, instance:TestRunner.Runner@48e1f6c7]" started-at="2024-04-18T09:02:44 IST" name="setUpClass" finished-at="2024-04-18T09:02:45 IST" duration-ms="1109" status="PASS">
          <params>
            <param index="0">
              <value>
                <![CDATA[org.testng.TestRunner@2af9a5ef]]>
              </value>
            </param>
          </params>
          <reporter-output>
          </reporter-output>
        </test-method> <!-- setUpClass -->
        <test-method signature="runScenario(io.cucumber.testng.PickleWrapper,io.cucumber.testng.FeatureWrapper)[pri:0, instance:TestRunner.Runner@48e1f6c7]" started-at="2024-04-18T09:02:45 IST" name="runScenario" description="Runs Cucumber Scenarios" data-provider="scenarios" finished-at="2024-04-18T09:03:16 IST" duration-ms="30814" status="PASS">
          <params>
            <param index="0">
              <value>
                <![CDATA["To view interior painting"]]>
              </value>
            </param>
            <param index="1">
              <value>
                <![CDATA["To test services functionality"]]>
              </value>
            </param>
          </params>
          <reporter-output>
          </reporter-output>
        </test-method> <!-- runScenario -->
        <test-method signature="runScenario(io.cucumber.testng.PickleWrapper,io.cucumber.testng.FeatureWrapper)[pri:0, instance:TestRunner.Runner@48e1f6c7]" started-at="2024-04-18T09:03:16 IST" name="runScenario" description="Runs Cucumber Scenarios" data-provider="scenarios" finished-at="2024-04-18T09:03:58 IST" duration-ms="41900" status="PASS">
          <params>
            <param index="0">
              <value>
                <![CDATA["To find a contractor"]]>
              </value>
            </param>
            <param index="1">
              <value>
                <![CDATA["To test services functionality"]]>
              </value>
            </param>
          </params>
          <reporter-output>
          </reporter-output>
        </test-method> <!-- runScenario -->
        <test-method signature="runScenario(io.cucumber.testng.PickleWrapper,io.cucumber.testng.FeatureWrapper)[pri:0, instance:TestRunner.Runner@48e1f6c7]" started-at="2024-04-18T09:03:58 IST" name="runScenario" description="Runs Cucumber Scenarios" data-provider="scenarios" finished-at="2024-04-18T09:04:24 IST" duration-ms="25764" status="PASS">
          <params>
            <param index="0">
              <value>
                <![CDATA["Fill out and submit book a call"]]>
              </value>
            </param>
            <param index="1">
              <value>
                <![CDATA["To test services functionality"]]>
              </value>
            </param>
          </params>
          <reporter-output>
          </reporter-output>
        </test-method> <!-- runScenario -->
        <test-method signature="runScenario(io.cucumber.testng.PickleWrapper,io.cucumber.testng.FeatureWrapper)[pri:0, instance:TestRunner.Runner@48e1f6c7]" started-at="2024-04-18T09:04:24 IST" name="runScenario" description="Runs Cucumber Scenarios" data-provider="scenarios" finished-at="2024-04-18T09:04:47 IST" duration-ms="23002" status="PASS">
          <params>
            <param index="0">
              <value>
                <![CDATA["Fill out the details and submit book a call"]]>
              </value>
            </param>
            <param index="1">
              <value>
                <![CDATA["To test services functionality"]]>
              </value>
            </param>
          </params>
          <reporter-output>
          </reporter-output>
        </test-method> <!-- runScenario -->
        <test-method signature="runScenario(io.cucumber.testng.PickleWrapper,io.cucumber.testng.FeatureWrapper)[pri:0, instance:TestRunner.Runner@48e1f6c7]" started-at="2024-04-18T09:04:47 IST" name="runScenario" description="Runs Cucumber Scenarios" data-provider="scenarios" finished-at="2024-04-18T09:04:59 IST" duration-ms="12207" status="FAIL">
          <params>
            <param index="0">
              <value>
                <![CDATA["To download the details"]]>
              </value>
            </param>
            <param index="1">
              <value>
                <![CDATA["To test services functionality"]]>
              </value>
            </param>
          </params>
          <exception class="java.lang.AssertionError">
            <message>
              <![CDATA[expected [Hyderabad Nampally] but found [Asian Paints Trusted Painting Contractors]]]>
            </message>
            <full-stacktrace>
              <![CDATA[java.lang.AssertionError: expected [Hyderabad Nampally] but found [Asian Paints Trusted Painting Contractors]
at org.testng.Assert.fail(Assert.java:111)
at org.testng.Assert.failNotEquals(Assert.java:1578)
at org.testng.Assert.assertEqualsImpl(Assert.java:150)
at org.testng.Assert.assertEquals(Assert.java:132)
at org.testng.Assert.assertEquals(Assert.java:656)
at org.testng.Assert.assertEquals(Assert.java:666)
at StepDefinition.Contractor.show_the_contractors_belongs_to_their_area(Contractor.java:229)
at âœ½.show the contractors belongs to their area(file:///C:/Users/GATNIKHI/Desktop/Nikhitha%20G/Services/src/test/resource/Feature/Modular.feature:67)
]]>
            </full-stacktrace>
          </exception> <!-- java.lang.AssertionError -->
          <reporter-output>
          </reporter-output>
        </test-method> <!-- runScenario -->
        <test-method is-config="true" signature="tearDownClass()[pri:0, instance:TestRunner.Runner@48e1f6c7]" started-at="2024-04-18T09:04:59 IST" name="tearDownClass" finished-at="2024-04-18T09:04:59 IST" duration-ms="611" status="PASS">
          <reporter-output>
          </reporter-output>
        </test-method> <!-- tearDownClass -->
      </class> <!-- TestRunner.Runner -->
    </test> <!-- Default test -->
  </suite> <!-- Default suite -->
</testng-results>
