<?xml version="1.0" encoding="UTF-8"?>
<!-- Generated by org.testng.reporters.JUnitReportReporter -->
<testsuite hostname="LIN-41PW6G3" failures="1" tests="5" name="TestRunner.Runner" time="133.687" errors="0" timestamp="2024-04-18T09:05:00 IST" skipped="0">
  <testcase classname="TestRunner.Runner" name="runScenario" time="23.002"/>
  <testcase classname="TestRunner.Runner" name="runScenario" time="41.900"/>
  <testcase classname="TestRunner.Runner" name="runScenario" time="12.207">
    <failure message="expected [Hyderabad Nampally] but found [Asian Paints Trusted Painting Contractors]" type="java.lang.AssertionError">
      <![CDATA[java.lang.AssertionError: expected [Hyderabad Nampally] but found [Asian Paints Trusted Painting Contractors]
at org.testng.Assert.fail(Assert.java:111)
at org.testng.Assert.failNotEquals(Assert.java:1578)
at org.testng.Assert.assertEqualsImpl(Assert.java:150)
at org.testng.Assert.assertEquals(Assert.java:132)
at org.testng.Assert.assertEquals(Assert.java:656)
at org.testng.Assert.assertEquals(Assert.java:666)
at StepDefinition.Contractor.show_the_contractors_belongs_to_their_area(Contractor.java:229)
at âœ½.show the contractors belongs to their area(file:///C:/Users/GATNIKHI/Desktop/Nikhitha%20G/Services/src/test/resource/Feature/Modular.feature:67)
]]>
    </failure>
  </testcase> <!-- runScenario -->
  <testcase classname="TestRunner.Runner" name="runScenario" time="30.814"/>
  <testcase classname="TestRunner.Runner" name="runScenario" time="25.764"/>
</testsuite> <!-- TestRunner.Runner -->
